176817195	朱琳	1
362438816	尚洁	1
695679842	韩模静敏	2
143534224	宴宴gy	2
277949921	崔悦颦儿	1
290551947	riki晰文	2
129361161	凌智贤	2
1832304329	金秀兒	2
44251068	米迪MD	1
2926567173	佳佳佳-	1
2931685300	三火火	1
646632716	王龄萱	1
10378945	李柒柒	1
61047183	王羞羞	2
2926527539	小朋友友	2
2774932356	甜心CoCo	2
273420245	西西JQ	2
1766720335	玲玲0	2
2461335164	模特小小	2
2068604568	逸阳裤模	2
2638618398	欣欣BB	2
728275585	余露iman	2
434479822	小希希	2
709853942	祝静婕丶	2
496522771	ariane	2
2501160854	NastyaD	2
2520033966	模特DiDi	2
765659547	范灵儿	2
1021844283	君君Eve	2
395368392	秋慧子	2
666790710	斯方圆	2
743772143	米粒niki	2
2111096503	YY唐园园	2
642411607	晋欢	2
722569871	李乐儿	2
291599648	胡胡	2
276439081	CC渃梵	2
516376911	安戴妃	2
745790526	杨羽凡	2
1050095810	晨妍baby	3
1040602055	米雪儿	3
56540137	笑笑	3
258994404	PARK艺珍	3
68580402	刘颖LY	3
166735626	秦小顺	3
2543178523	米雪儿M	3
508201028	杨杨	3
1703994645	添添	3
436286275	佳琪丶	3
259958653	凌川	3
2884642678	平模姚姚	3
2815856489	徐亚秋	3
686274694	鱼果果儿	3
177100318	古灵儿	3
43438534	叶梓棠	3
729812660	城城	3
159960339	赵芷彤	3
92177578	扬小雪	3
1116002277	吴若梵	3
756138128	李绮薇	3
684410200	大钟瑞	3
751217276	陈秀秀	3
1925549128	陳研研	3
397762786	卡瑞纳	3
751338832	黄小七	3
927018118	李思思	3
626429002	韩模秀妍	3
841609941	刘大山	3
1114737372	熙瑶	3
1976024148	依阳摄影	4
251515131	张恋恋LL	4
1715417487	模特韩璐	4
158187363	模特依依	4
103465417	雅尼尼	4
2885596272	了了or	4
157745226	侏罗纪	4
1048648475	小玉cady	4
649365544	谢嘉儿	4
1097797680	骆花亭	4
383766208	陈美美	4
66973861	孙小媛子	4
179115130	阮天骄	4
182160881	欧阳静	4
2850211437	林静敏	4
1053440860	舒妍BB	4
391504976	高娜丽	4
202674534	模特珊珊	4
193482876	吴曲雅	4
852975453	Park素言	4
144380168	君宝儿	4
1698341938	张三儿	4
2146955872	童童muse	4
842117051	唐冰	4
2271685807	韩模秀金	4
687471686	田媛媛	4
482498316	隋潇漪	4
1673648976	董俐DONG	4
765244131	任若谷	4
290804701	a轩轩	4
268367415	章莹	5
1970417432	嘉儿杭州	5
373588306	模特伊格	5
928460291	模特小侨	5
2301022156	黄越越	5
2014901629	陈洁kiki	5
91156695	大七517	5
443543867	薇-薇	5
1706361484	小影。	5
67304843	沐子彤	5
2469033030	NINA妮娜	5
741040874	小阿森	5
673392526	李小婧	5
369453264	张瑞莉	5
77457999	陈陈陈琳	5
760803226	魏冬瑞	5
300761963	罗羽珊	5
206163812	陶大萱	5
45393481	夏晓然	5
2816265701	曹婷婷杭	5
353373916	牡丹G	5
885002844	oo模特	5
37448401	谢婷婷	5
1677063878	小肉肉肉	5
33197951	莎莎	5
199831960	欣彤baby	5
480115274	VERA薇薇	5
590723163	桃子Qate	5
479100570	韩模智慧	5
250844016	石小喵	5
573648046	松果儿	6
134119844	陈果果果	6
151830634	郭郭儿	6
125808639	玥儿	6
100352393	赵雨菲	6
348046664	米拉	6
686983044	韩模Dodo	6
83134196	孙文静	6
1725263021	丽丽	6
1654840173	菲菲0914	6
666655275	叶丽	6
14177160	莫妮卡	6
346653431	樱桃	6
1695549631	模特大五	6
65080422	珊瑚	6
710016162	小白	6
1596794097	小安妮呀	6
2292138025	Da玉米	6
429320339	希希酱	6
130041680	杭州晓雅	6
1938002011	聃聃'	6
141234233	金甜甜	6
1726770066	模特希希	6
152149350	张馨元M	6
2257607954	任任	6
816580548	模特悦悦	6
289741419	露露	6
2859309431	niki景仪	6
779198807	雷小米	6
346146994	萱soona	6
119427428	瑜儿	7
1705793262	大瑞	7
657111865	苏菲娅	7
63192508	蜜妮mm	7
924525078	伊娃广州	7
72379976	麒羽	7
382624760	紫霞仙女	7
2517152430	韩模允儿	7
548199675	小丽莎	7
85059726	我是盟词	7
394444168	梦露张	7
755794883	夏梦梦梦	7
1587435156	贾姝钰	7
26505127	梓晨心	7
746353339	潘裕文	7
407578141	夏莉sori	7
1744603967	珍熙Jane	7
1020688972	模特杨梅	7
321560743	大范范	7
410189495	章韵韵	7
46599595	雪倩nika	7
189466234	尤尤yoyo	7
1658448401	曹若涵	7
2732233130	张萧然	7
927115494	紫晴妹妹	7
1081559659	叶子	7
199811387	庄晨cici	7
2342224310	我是达姆	7
434094554	鳕航	7
897129732	叶青	7
919246123	mica小越	8
2193876072	魏彤～	8
63153008	赵颖	8
504722995	莎莎	8
72821371	朱朱	8
59635828	yoko	8
132298952	程柳青	8
679948543	李颖萍	8
744617372	王子硕	8
617665951	vivi周	8
768306980	AURA.	8
545121555	张念恩	8
240575018	厦门柒柒	8
27379111	安冉an	8
341630359	陈岑ada	8
778594462	陈玥羽	8
408724826	Quella雅	8
832616548	丽丽Lee	8
295328271	刘丹	8
1700739553	爆款小璐	8
814930747	秦2瑶	8
1089135524	叶小钉	8
1741971672	杨紫baby	8
190068382	陈芽芽	8
225325839	王颖怡	8
1741955284	米娜	8
423736517	王苾人	8
650176618	文佳佳	8
539549300	滕雨佳	8
1130165199	牙牙-zh	8
2455468002	诗诗大师	9
382249885	mini宛妮	9
2886682593	达人嘉丽	9
523216808	Cherry	9
355499374	余潇潇	9
649629536	缘梦儿	9
267021080	蔡小涵	9
385498514	宁愿ruby	9
897238834	余大喵	9
714853337	嘉琪kiki	9
1135233682	蒋冰冰	9
264147085	~赵阳~	9
367628889	模特一一	9
102850664	唐新意	9
575078231	伊伊	9
97747186	黛米儿	9
383803646	小范范	9
353030599	蜜桃	9
125353333	王小琴	9
400959368	桃子kia	9
203036173	Z珍珍	9
440678454	张娟娟	9
403194541	X久美	9
286069066	樊时灵	9
383563536	北服然然	9
1014646833	曹洁	9
151712875	蕾蕾酱	9
2333672409	木小妮	9
924393458	大岑岑	9
1871057679	圆圆郑	9
166263506	苏苏ss	10
97144261	老猫三三	10
1128690374	林尤米	10
1971861072	王寒	10
697457627	YOYO瑶瑶	10
154361514	园园Z	10
389782784	小蕊麻豆	10
649312069	刘小涵	10
379616394	夏依__cc	10
178546284	小潘子	10
53655098	阮佳佳	10
272536951	夏欢欢	10
25507185	君仪	10
688072769	萧然-	10
751620169	刘雨曦00	10
1779010913	蔡文娟	10
1606656130	Anna安娜	10
1028622897	宝琳娜	10
1034915145	梦梦	10
646858747	邝萃莉	10
691020267	李曼taki	10
71314547	小汤圆	10
784310803	小白zhu	10
91442126	悦小舞	10
372477188	于梦姣	10
570363897	毛巧珍	10
602136687	超人NANA	10
164340017	Romi	10
900957326	小泡饭	10
1059893673	幼析幼析	10
1119837735	丹妮E	11
780914558	林筱诺	11
133058874	TINA	11
388388320	曹婷婷	11
728310618	楚菲	11
837476048	竺嫦红	11
653048225	韩智慧lo	11
2248977109	赵方方F	11
53975235	陈公子	11
803401792	水灵	11
713024293	虫虫CC	11
66588759	陈淽漫	11
53401515	黄萍TATA	11
385990686	梁小晴	11
2819228976	模特珍熙	11
198204544	吴小猜	11
720323334	kasa-	11
2153562818	尹善英	11
463775117	安妮婷婷	11
63239528	烈儿	11
602422805	大贝儿	11
1967716992	小林Linz	11
52323556	忌廉檬檬	11
891627372	小小荔枝	11
127338075	丁当	11
58293591	模特英子	11
695310924	Nini莉子	11
129279011	思思baby	11
17470378	刘非飞	11
93166849	倪佩婕	11
2849968247	小莉子丶	12
686890330	杜婷婷	12
1041574885	凯珊	12
2140109404	北北kiki	12
796510767	温馨宝宝	12
73263761	蔡文娟	12
1658397620	玛莎MASA	12
1627864142	青橙0921	12
1654194599	依冉依冉	12
887108416	邓小曼	12
2392953745	米米童模	12
1663408037	赖宝丽	12
1848862403	黄宝宝	12
295210198	史贝妮	12
461485559	爱米Amy	12
284259709	宁子	12
1044922495	梁伞LS	12
269385296	小玉酱	12
820483517	刘晓宇	12
675735076	李彦乐	12
375818389	啊木木	12
2577106898	Alice丶Z	12
66108942	王奕婷	12
474453580	甘爷	12
380852352	裴溪夕	12
212908927	99单眼皮	12
815458242	陈媛媛	12
712802642	蒲丽影	12
297056418	米尐希	12
630169252	衣衣	12
169415557	陈沫池	13
372764269	马冰玉	13
388758819	夏沫	13
855224385	穆易mumu	13
2058513122	Lyn琳琳	13
341594774	白姗姗	13
820813453	楚然	13
777705564	王丹妮	13
717492986	熊仔欣	13
1721109343	关肖	13
60429900	妍妍	13
368282115	小雪梨	13
135557057	张淼淼	13
405853376	王羽飞	13
105130355	兔子Abby	13
840415501	柔儿	13
842495110	闵爽	13
1991827523	小恩熙	13
82278247	西琪0126	13
1681759781	模特未蓝	13
97476540	陈丹婷	13
80108702	一粉媚儿	13
69226163	薇娅VIYA	13
673400424	李好好J	13
2612957514	穆易mu	13
89809477	果果	13
555178574	晓莉莉	13
1030013886	小熊JJ	13
174973471	小冰冰R	13
59679880	吴欣霓	13
2420566217	王芯baby	14
319426092	姬嘉琳	14
736059982	嗯嗯小妞	14
137246234	小尤Umi	14
555605446	刘子菲	14
2222931880	Amy兵兵	14
1589213461	小馨_	14
399805065	朱莎	14
433534018	佳歆xxx	14
767219180	张思涵	14
855702137	熙静静	14
2504249055	彭珊珊珊	14
209386749	陈露	14
124753756	周兔仙	14
2111036152	Tiffany	14
195719734	黄小宛	14
505028101	梦霞姐	14
195061895	郝静sevi	14
74386764	夏晨洁	14
761827605	Dana	14
36420883	花少爷	14
689744369	美高小咪	14
124021695	吴梦菲	14
76035191	喜宝unni	14
2745182858	奶昔妹妹	14
414457129	大猫儿	14
449527904	文君	14
378986578	吴仪敏	14
1776349514	冷小雪	14
109167294	许小楠	14
724826498	安安_	15
67387201	胡佳茜	15
203425567	_LUCY	15
813264544	李绵绵	15
492772757	v滕斐v	15
401638164	EVFN小慧	15
688191454	赵飞扬	15
103687063	木偶	15
690320418	小小彬	15
376708737	马莉	15
62176627	Grace晶	15
350664009	jiffy	15
76450066	balloon	15
1733710699	我是妍妍	15
703478063	太晶	15
2755477468	纪佳er	15
517650143	雨晴	15
2731517211	模特馨月	15
64728757	小雅mika	15
2074535706	风谨如画	15
1651019699	YY瑞熙	15
383629042	陈晨LUCY	15
1096369041	苏兮兮	15
433886431	宁儿	15
1927470937	依小沫	15
55233766	陈枷朵	15
2590086952	莹莹GG	15
2048624089	台模小田	15
61700707	郁佳yuka	15
684223481	小洁儿	15
593223717	HelloBee	16
1664220116	黄寒寒啊	16
407400090	徐琳-	16
58295669	王婉愉	16
1888843402	模特梦梦	16
265700367	李筱娜	16
102318602	健身卡卡	16
258230295	文丹妮	16
675633270	诗诗	16
204493647	刘美一	16
1798453353	Alona-	16
315001473	绵羊文文	16
1097631894	解小兔	16
1113408215	夏婧宸	16
350543349	lacey欣	16
66226287	陈希西	16
135765237	小小苏	16
2884594159	小柚	16
123915360	雷娟娟	16
106793767	徐妍茹	16
173105499	韦敏	16
410894254	杨晓禹	16
2179551748	xw小婉	16
1030268125	陈曦	16
121890391	玲珑716	16
129018146	苏晓晓禹	16
994578	闫莉兔子	16
263175413	晏妮nini	16
1059326317	李俊艳	16
700265004	郑菲ZF	16
151296639	张涵棋	17
70086015	LOLA罗拉	17
672984792	·拉面·	17
416352300	李茹	17
865310470	杭州依依	17
804103444	麻油小姐	17
259942094	小小婧	17
686596087	Rose罗斯	17
887867487	西奈vivi	17
356183791	沈吟音	17
479993691	豆芽CC	17
648935358	赵头头	17
270545570	Kang冬	17
524704141	韩國秀金	17
681591921	邹邹大侠	17
199072749	周勉勉	17
728871074	米粒	17
189222122	周冷	17
94393444	曹瑞	17
137395979	胡欢欢	17
57798781	慧慧	17
769762314	小嘴	17
181826816	陈晓初	17
918095679	小芹她说	17
662526792	艾娃Alva	17
2679892173	邓萱萱di	17
119308669	菲菲	17
642106122	模特麦麦	17
51948078	立夏___M	17
67515073	papa丢丢	17
2627953860	HZ晶妍	18
405095521	v悦悦	18
202207645	大金	18
2341991319	DG维维	18
303091875	是月也	18
869642395	淑琴	18
20915375	雷佳	18
777105914	小颖	18
2090810709	田媛媛ty	18
42498643	女屋Tina	18
266369159	达人M陶	18
274025860	黄家萱	18
2696156741	余大喵喵	18
361910362	李糯	18
647893821	又又Yona	18
525048146	甜美花	18
738318626	珍妮	18
652318569	乐怡	18
382871585	韩小烟	18
115520956	波思猫	18
151854111	梵妮_	18
130026445	yen酱	18
1818265283	刘贤珍	18
670085558	厦门甜燃	18
838806548	雯雯	18
32459571	GalinaS	18
63147679	恩恩NN	18
523860891	Tifa珍珍	18
259541677	静子S	18
189429984	王雪婷	18
2090436965	_紫阳	19
61633100	缪冰冰	19
258934798	Ariel莉	19
70413258	_sam_	19
140043951	施慧慧	19
274590106	阿暖	19
698262421	aaa小笔	19
202363422	洋洋	19
68985024	米丁	19
687485638	戚展	19
1066621453	朱静娴	19
25964097	苗子	19
2185274504	娇娇爱美	19
710814629	贞静MM	19
585801056	清清8123	19
96624582	宋真真	19
71818919	陈发发	19
2664342844	陈堇慧	19
79852523	梦子	19
2032379256	sharryy	19
557179197	VIVI	19
21794662	小嫣ina	19
1066844055	大大爷	19
379994530	华子	19
769508025	麦子	19
641314413	陈小颖	19
273235319	iamgc	19
397472730	李竹儿	19
207035279	张紫光	19
1970023702	蔡姐	19
747132096	安安	20
524936649	抹茶小主	20
383572699	淘女郎	20
1068370234	李欣new	20
174862418	陈潇723	20
104694331	菲爷Fei	20
291076180	米优	20
32823890	筱熙	20
673674585	最女王	20
511235813	韦佩莎	20
2855407468	南宝亲亲	20
855018812	王宝Abby	20
330465155	莉娜Z	20
409303609	张嘉文淇	20
1862995970	VK钰莹	20
46967828	木木穿搭	20
98637063	谢小寳	20
756631295	大瑞	20
2646864195	麻豆蜜拉	20
13446201	王梦实	20
661985244	宁小妹	20
76062409	悠佳儿	20
605545617	高如意	20
249270320	秧秧	20
443827647	康怡	20
294706854	韩宥萌	20
2152519226	超群	20
324663784	小鹿LL	20
624241046	阿Joa	20
917719610	巧chocho	20
25115086	伊薇	21
58975997	Anna安娜	21
69476562	小银子	21
1675975648	我是大瑞	21
382238640	王星星	21
2257741702	叫我圆子	21
31274829	moka	21
54945114	Dyan	21
911627174	尤娜Uuna	21
1608909261	唐佳一	21
778626794	--KiwiCC	21
639295044	李梅9065	21
308627756	冰冰酱	21
2342447462	娜依lili	21
131077237	林珊珊	21
85247699	五六儿	21
51426756	JORV云	21
717114408	Fiona娜	21
280208472	毛小兔	21
119973122	模特月月	21
799206955	东京百合	21
444635298	陈真	21
1779297172	代小姐	21
49577607	小猜cc	21
189942305	Yota丫丫	21
314237113	大满满子	21
2679699245	馨风尔	21
47725886	伊娜	21
278181501	张雨乔	21
610189815	菲琳	21
499873905	Ms花花花	22
828580007	xixi西西	22
653844809	孔姗姗	22
71421462	璐儿	22
282443732	张晴	22
701740983	刘静儿	22
272410920	花脸猫	22
115968566	阿孟孟	22
733925328	黄雅丽	22
760579107	糖糖	22
519341200	Suri	22
1044316397	大嘉J	22
256337713	张白胖	22
634870299	模特芳芳	22
689308642	叶沐熙	22
656300077	吕瑶	22
2919764424	杭州小可	22
1952471317	欣若蕾	22
748212195	李诗瑶	22
828998866	沈彦妤	22
382152416	娜娜	22
607779096	美娟娟	22
913319362	秋景HuHu	22
58271970	俞华逸	22
1074048744	模特智英	22
325949254	lyn琳	22
82411223	珊珊	22
668275264	猫爪子	22
2162497315	燕燕iris	22
1081901128	小丸子	22
2576194524	极致菲菲	23
415786846	杨冬玲	23
806874318	张奥儿	23
36262193	小涵	23
697336301	妍馨如	23
151822101	黄益萍	23
446790488	喔喔	23
300113604	惠儿	23
794138629	夕宁-	23
171190786	姜星羽	23
496802795	萌_小7	23
307182343	刘泓贝	23
2001154975	薇薇ViVi	23
819527647	大阳阳	23
662337492	占伊伊	23
137823342	米阳	23
119753697	叶柳英	23
257963430	睿睿酱	23
507854907	A小岩	23
105638796	蒋露	23
383550711	Mlynn	23
829014981	瞳瞳123	23
2517687517	小咪MIMI	23
21639398	园园	23
53478820	周丹丹	23
832406697	默默	23
880241446	练冷雪	23
776617838	糖小兔	23
807191532	范范	23
861046986	YUKI	23
1022702225	子娟	24
846197681	许雪松	24
560731086	左左Ella	24
397092484	sarah	24
296200940	大薇儿	24
1022694150	晶晶	24	0
50137371	孟晓妍	24	0
376796651	曹蔚	24	0
79393792	齐露	24	0
878911199	卢媛媛	24	0
823670943	韩弈裴	24	0
450107567	袁媛	24	0
1602534034	敏儿laka	24	0
369519860	杜珍妮	24	0
785821139	黄雅知	24	0
43428702	李明明	24	0
106583548	白小白	24	0
1879692781	蒋兰Jlan	24	0
21896903	Shinna	24	0
53942100	卓琦zoki	24	0
78596982	佳雪模特	24	4
173967579	崔雨姗	24	0
1122900006	美薇	24	0
131297699	固力果	24	0
665558612	夏敏敏	24	0
275660910	岑筱妍	24	0
67001933	索蕾娜	24	0
664423190	晨曦冉	24	0
788955802	蒋佳佳	24	0
891296997	吴允儿	24	0
850105268	Ruby	25	0
82079217	曼纱VV	25	0
295044819	沈菲	25	0
36601943	凝香1	25	0
180084418	淼淼	25	0
788454729	苏潇潇	25	0
74976734	王熙洋子	25	0
1023015615	甜甜	25	0
62723628	吴安娜	25	0
325390989	樱夏	25	0
842870491	灵灵LING	25	0
1724668281	大爷88	25	0
192817808	哆哆	25	0
764447008	玉儿	25	0
60078672	柴柴	25	0
105452356	赵静	25	0
740406903	陈洁	25	0
118666608	刘祖儿	25	0
385565811	楚菲	25	0
356124278	杨静	25	0
1814789735	Anna朱朱	25	0
257701775	广东超女	25	0
1774917477	小雪	25	0
129455103	姚娟	25	0
802049151	Rovi薇薇	25	0
179207843	梅梅	25	0
1705494416	刘小会	25	40
